Arguments: 
  C:\Program Files\nodejs\node.exe C:\Program Files (x86)\Yarn\bin\yarn.js add express

PATH: 
  C:\Python27\;C:\Python27\Scripts;C:\Program Files (x86)\Common Files\Oracle\Java\javapath;C:\Windows\system32;C:\Windows;C:\Windows\System32\Wbem;C:\Windows\System32\WindowsPowerShell\v1.0\;C:\Windows\System32\OpenSSH\;C:\Program Files\Java\jdk1.8.0_231;C:\Program Files\nodejs\;C:\Program Files\Git\cmd;C:\Program Files\Git\mingw64\bin;C:\Program Files\Git\usr\bin;C:\ProgramData\chocolatey\bin;C:\Program Files (x86)\Yarn\bin\;C:\Android\Sdk\emulator;C:\Android\Sdk\tools;C:\Android\Sdk\tools\bin;C:\Android\Sdk\platform-tools;C:\flutter\bin;C:\Users\franp\AppData\Local\Programs\Microsoft VS Code\bin;C:\Users\franp\AppData\Local\Microsoft\WindowsApps;C:\Users\franp\AppData\Local\Programs\Microsoft VS Code\bin;C:\Users\franp\AppData\Roaming\npm;C:\Users\franp\AppData\Local\Yarn\bin;C:\Android\Sdk\emulator;C:\Android\Sdk\tools;C:\Android\Sdk\tools\bin;C:\Android\Sdk\platform-tools;C:\tools\mysql\current\bin;C:\Program Files\Oracle\VirtualBox;C:\Program Files\Docker Toolbox;C:\flutter\bin;

Yarn version: 
  1.22.4

Node version: 
  10.16.3

Platform: 
  win32 x64

Trace: 
  Error: getaddrinfo ENOTFOUND registry.yarnpkg.com registry.yarnpkg.com:443
      at GetAddrInfoReqWrap.onlookup [as oncomplete] (dns.js:56:26)

npm manifest: 
  {
    "name": "api",
    "version": "1.0.0",
    "main": "index.js",
    "license": "MIT",
    "devDependencies": {
      "typescript": "^3.9.7"
    }
  }

yarn manifest: 
  No manifest

Lockfile: 
  # THIS IS AN AUTOGENERATED FILE. DO NOT EDIT THIS FILE DIRECTLY.
  # yarn lockfile v1
  
  
  typescript@^3.9.7:
    version "3.9.7"
    resolved "https://registry.yarnpkg.com/typescript/-/typescript-3.9.7.tgz#98d600a5ebdc38f40cb277522f12dc800e9e25fa"
    integrity sha512-BLbiRkiBzAwsjut4x/dsibSTB6yWpwT5qWmC2OfuCg3GgVQCSgMs4vEctYPhsaGtd0AeuuHMkjZ2h2WG8MSzRw==
